<?xml version="1.0" encoding="UTF-8"?>
<testsuite xmlns:xsi="http://www.w3.org/2001/XMLSchema-instance" xsi:noNamespaceSchemaLocation="https://maven.apache.org/surefire/maven-surefire-plugin/xsd/surefire-test-report.xsd" version="3.0.2" name="se.karl.PlanControllerTest" time="2.689" tests="1" errors="0" skipped="0" failures="0">
  <properties>
[...]
</properties>
  <testcase name="testHello" classname="se.karl.PlanControllerTest" time="0.681">
    <system-out><![CDATA[
  .   ____          _            __ _ _
 /\\ / ___'_ __ _ _(_)_ __  __ _ \ \ \ \
( ( )\___ | '_ | '_| | '_ \/ _` | \ \ \ \
 \\/  ___)| |_)| | | | | || (_| |  ) ) ) )
  '  |____| .__|_| |_|_| |_\__, | / / / /
 =========|_|==============|___/=/_/_/_/

 :: Spring Boot ::                (v3.5.0)

2025-11-19T20:26:10.882+01:00  INFO 9288 --- [           main] se.karl.PlanControllerTest               : Starting PlanControllerTest using Java 21.0.8 with PID 9288 (started by kalle in C:\Users\kalle\Projects\DnDPlaner\dndplanner)
2025-11-19T20:26:10.885+01:00  INFO 9288 --- [           main] se.karl.PlanControllerTest               : No active profile set, falling back to 1 default profile: "default"
2025-11-19T20:26:11.754+01:00  INFO 9288 --- [           main] o.s.b.w.embedded.tomcat.TomcatWebServer  : Tomcat initialized with port 0 (http)
2025-11-19T20:26:11.764+01:00  INFO 9288 --- [           main] o.apache.catalina.core.StandardService   : Starting service [Tomcat]
2025-11-19T20:26:11.764+01:00  INFO 9288 --- [           main] o.apache.catalina.core.StandardEngine    : Starting Servlet engine: [Apache Tomcat/10.1.41]
2025-11-19T20:26:11.807+01:00  INFO 9288 --- [           main] o.a.c.c.C.[Tomcat].[localhost].[/]       : Initializing Spring embedded WebApplicationContext
2025-11-19T20:26:11.808+01:00  INFO 9288 --- [           main] w.s.c.ServletWebServerApplicationContext : Root WebApplicationContext: initialization completed in 903 ms
2025-11-19T20:26:12.321+01:00  INFO 9288 --- [           main] o.s.b.w.embedded.tomcat.TomcatWebServer  : Tomcat started on port 55675 (http) with context path '/'
2025-11-19T20:26:12.329+01:00  INFO 9288 --- [           main] se.karl.PlanControllerTest               : Started PlanControllerTest in 1.735 seconds (process running for 2.396)
2025-11-19T20:26:12.935+01:00  INFO 9288 --- [o-auto-1-exec-1] o.a.c.c.C.[Tomcat].[localhost].[/]       : Initializing Spring DispatcherServlet 'dispatcherServlet'
2025-11-19T20:26:12.935+01:00  INFO 9288 --- [o-auto-1-exec-1] o.s.web.servlet.DispatcherServlet        : Initializing Servlet 'dispatcherServlet'
2025-11-19T20:26:12.936+01:00  INFO 9288 --- [o-auto-1-exec-1] o.s.web.servlet.DispatcherServlet        : Completed initialization in 1 ms
]]></system-out>
    <system-err><![CDATA[Mockito is currently self-attaching to enable the inline-mock-maker. This will no longer work in future releases of the JDK. Please add Mockito as an agent to your build as described in Mockito's documentation: https://javadoc.io/doc/org.mockito/mockito-core/latest/org.mockito/org/mockito/Mockito.html#0.3
WARNING: A Java agent has been loaded dynamically (C:\Users\kalle\.m2\repository\net\bytebuddy\byte-buddy-agent\1.17.5\byte-buddy-agent-1.17.5.jar)
WARNING: If a serviceability tool is in use, please run with -XX:+EnableDynamicAgentLoading to hide this warning
WARNING: If a serviceability tool is not in use, please run with -Djdk.instrument.traceUsage for more information
WARNING: Dynamic loading of agents will be disallowed by default in a future release
]]></system-err>
  </testcase>
</testsuite>